This file contains any messages produced by compilers while
running configure, to aid debugging if configure makes a mistake.

It was created by configure, which was
generated by GNU Autoconf 2.69.  Invocation command line was

  $ ../gcc-14.2.0/configure LDFLAGS=-L/mingw64/lib/gcc/x86_64-w64-mingw32/14.2.0 -L/mingw64/lib -L/usr/lib -L/mingw64/x86_64-w64-mingw32/lib -L/c/libidn2/gettext-0.22.5/libtextstyle/lib -Wl,-rpath,/mingw64/bin CPP=/mingw64/bin/cpp --prefix=/mingw64 --enable-languages=c,c++ --enable-threads=posix --sharedstatedir=/desired/path/com

## --------- ##
## Platform. ##
## --------- ##

hostname = kimnayooung
uname -m = x86_64
uname -r = 3.5.4-0bc1222b.x86_64
uname -s = MINGW64_NT-10.0-22631
uname -v = 2024-09-04 18:28 UTC

/usr/bin/uname -p = unknown
/bin/uname -X     = unknown

/bin/arch              = x86_64
/usr/bin/arch -k       = unknown
/usr/convex/getsysinfo = unknown
/usr/bin/hostinfo      = unknown
/bin/machine           = unknown
/usr/bin/oslevel       = unknown
/bin/universe          = unknown

PATH: /c/Users/nayou/AppData/Local/Programs/Python/Python313
PATH: /c/Users/nayou/AppData/Local/Programs/Python/Python313/Scripts
PATH: /c/msys64/mingw64/bin
PATH: /c/libidn2/gettext-0.22.5/gettext-runtime/src
PATH: /mingw64/x86_64-w64-mingw32/bin
PATH: /c/msys64/mingw64/lib/gcc/x86_64-w64-mingw32/14.2.0/include/c++
PATH: /c/msys64/mingw64/include
PATH: /mingw64/include
PATH: /c/libidn2/gettext-0.22.5/libtextstyle/lib
PATH: /mingw64/bin
PATH: /c/gnulib
PATH: /usr/bin
PATH: /bin
PATH: /usr/share/aclocal
PATH: /mingw64/share/aclocal
PATH: /c/libidn2/autoconf-2.72/bin
PATH: /c/libidn2/libtool-2.4.6
PATH: /c/Program Files/Java/jdk-21/bin
PATH: /c/Windows/System32
PATH: /c/Windows
PATH: /c/Windows/System32/Wbem
PATH: /c/Windows/System32/WindowsPowerShell/v1.0
PATH: /usr/bin/vendor_perl
PATH: /usr/bin/core_perl
PATH: /c/Program Files/Java/jdk-21/bin
PATH: /c/apache-ant-1.10.15/bin
PATH: /c/Users/nayou/vcpkg/downloads/tools/perl/5.38.0.1/c/libexec/gcc/x86_64-w64-mingw32/13.1.0
PATH: /c/Users/nayou/vcpkg/downloads/tools/perl/5.38.0.1/c/bin
PATH: /mingw64/lib/gcc/x86_64-w64-mingw32/14.2.0
PATH: /mingw64/lib
PATH: /mingw64/x86_64-w64-mingw32/lib
PATH: /c/curl/lib
PATH: /c/gnulib/lib
PATH: /c/libidn2/gettext-0.22.5/gettext/gettext-runtime
PATH: /c/libidn2/gettext-0.22.5/gettext
PATH: /c/libidn2/gettext-0.22.5/gettext/gettext-runtime/gnulib-lib
PATH: /c/libidn2/gettext-0.22.5/gettext/gettext-runtime/intl/gnulib-lib
PATH: /c/libidn2/gettext-0.22.5/gettext/gettext-runtime/libasprintf/gnulib-lib
PATH: /c/libidn2/gettext-0.22.5/gettext/libtextstyle/lib
PATH: /c/libidn2/gettext-0.22.5/gettext-runtime/gnulib-lib
PATH: /c/libidn2/gettext-0.22.5/gettext-runtime/intl/gnulib-lib
PATH: /c/libidn2/gettext-0.22.5/gettext-runtime/libasprintf/gnulib-lib
PATH: /c/libidn2/gettext-0.22.5/libtextstyle/lib
PATH: /mingw64-backup-11.2.0/bin
PATH: /c/Program Files (x86)/Microsoft Visual Studio/2019/Community/VC/Tools/MSVC/14.29.30133/bin/Hostx64/x64
PATH: /c/libidn2/gettext-0.22.5/libtextstyle/lib
PATH: /c/gnulib/lib
PATH: /c/gnulib


## ----------- ##
## Core tests. ##
## ----------- ##

configure:2237: loading site script /etc/config.site
| # This file is in public domain.
| # Original author: Karlson2k (Evgeny Grin)
| # Written for MSys2 to help running 'configure' scripts
| 
| # Defaults for MSys2/MinGW64-targeted programs
| 
| # Set proper selfname on bash and fallback to default name on other shells
| test -n "${BASH_SOURCE}" 2>/dev/null && config_site_me="${BASH_SOURCE[0]##*/}" || config_site_me=config.site
| 
| # Set default 'host' to speedup configure
| if test -z "$build_alias"; then
|   build_alias="${MSYSTEM_CHOST}"  && \
|     ${as_echo-echo} "$config_site_me:${as_lineno-$LINENO}: default build_alias set to $build_alias" >&5
| fi
| 
| # Set default 'prefix'
| if ( test -z "$prefix" || test "x$prefix" = "xNONE" ) && \
|     ( test -z "$exec_prefix" || test "x$exec_prefix" = "xNONE" ); then
|   prefix="${MSYSTEM_PREFIX}" && \
|     ${as_echo-echo} "$config_site_me:${as_lineno-$LINENO}: default prefix set to $prefix" >&5
| fi
config.site:13: default build_alias set to x86_64-w64-mingw32
configure:2401: checking build system type
configure:2415: result: x86_64-w64-mingw32
configure:2462: checking host system type
configure:2475: result: x86_64-w64-mingw32
configure:2495: checking target system type
configure:2508: result: x86_64-w64-mingw32
configure:2562: checking for a BSD-compatible install
configure:2630: result: /usr/bin/install -c
configure:2641: checking whether ln works
configure:2663: result: yes
configure:2667: checking whether ln -s works
configure:2674: result: no, using cp -pR
configure:2678: checking for a sed that does not truncate output
configure:2742: result: /usr/bin/sed
configure:2751: checking for gawk
configure:2767: found /usr/bin/gawk
configure:2778: result: gawk
configure:3305: checking for libatomic support
configure:3315: result: yes
configure:3324: checking for libitm support
configure:3330: result: no
configure:3343: checking for libsanitizer support
configure:3349: result: no
configure:3362: checking for libvtv support
configure:3372: result: yes
configure:3492: checking for libphobos support
configure:3498: result: no
configure:4211: checking for gcc
configure:4238: result: x86_64-w64-mingw32-gcc
configure:4467: checking for C compiler version
configure:4476: x86_64-w64-mingw32-gcc --version >&5
x86_64-w64-mingw32-gcc.exe (Rev1, Built by MSYS2 project) 14.2.0
Copyright (C) 2024 Free Software Foundation, Inc.
This is free software; see the source for copying conditions.  There is NO
warranty; not even for MERCHANTABILITY or FITNESS FOR A PARTICULAR PURPOSE.

configure:4487: $? = 0
configure:4476: x86_64-w64-mingw32-gcc -v >&5
Using built-in specs.
COLLECT_GCC=C:\msys64\mingw64\bin\x86_64-w64-mingw32-gcc.exe
COLLECT_LTO_WRAPPER=C:/msys64/mingw64/bin/../lib/gcc/x86_64-w64-mingw32/14.2.0/lto-wrapper.exe
Target: x86_64-w64-mingw32
Configured with: ../gcc-14.2.0/configure --prefix=/mingw64 --with-local-prefix=/mingw64/local --build=x86_64-w64-mingw32 --host=x86_64-w64-mingw32 --target=x86_64-w64-mingw32 --with-native-system-header-dir=/mingw64/include --libexecdir=/mingw64/lib --enable-bootstrap --enable-checking=release --with-arch=nocona --with-tune=generic --enable-languages=c,lto,c++,fortran,ada,objc,obj-c++,rust,jit --enable-shared --enable-static --enable-libatomic --enable-threads=posix --enable-graphite --enable-fully-dynamic-string --enable-libstdcxx-filesystem-ts --enable-libstdcxx-time --disable-libstdcxx-pch --enable-lto --enable-libgomp --disable-libssp --disable-multilib --disable-rpath --disable-win32-registry --disable-nls --disable-werror --disable-symvers --with-libiconv --with-system-zlib --with-gmp=/mingw64 --with-mpfr=/mingw64 --with-mpc=/mingw64 --with-isl=/mingw64 --with-pkgversion='Rev1, Built by MSYS2 project' --with-bugurl=https://github.com/msys2/MINGW-packages/issues --with-gnu-as --with-gnu-ld --disable-libstdcxx-debug --enable-plugin --with-boot-ldflags=-static-libstdc++ --with-stage1-ldflags=-static-libstdc++
Thread model: posix
Supported LTO compression algorithms: zlib zstd
gcc version 14.2.0 (Rev1, Built by MSYS2 project) 
configure:4487: $? = 0
configure:4476: x86_64-w64-mingw32-gcc -V >&5
x86_64-w64-mingw32-gcc.exe: error: unrecognized command-line option '-V'
x86_64-w64-mingw32-gcc.exe: fatal error: no input files
compilation terminated.
configure:4487: $? = 1
configure:4476: x86_64-w64-mingw32-gcc -qversion >&5
x86_64-w64-mingw32-gcc.exe: error: unrecognized command-line option '-qversion'; did you mean '--version'?
x86_64-w64-mingw32-gcc.exe: fatal error: no input files
compilation terminated.
configure:4487: $? = 1
configure:4507: checking whether the C compiler works
configure:4529: x86_64-w64-mingw32-gcc  -I/c/msys64/mingw64/include -I/mingw64/include -I/c/libidn2/gettext-0.22.5/libtextstyle/lib -O2  -I/c/msys64/mingw64/lib/gcc/x86_64-w64-mingw32/14.2.0/include/c++ -I/c/msys64/mingw64/include -I/mingw64/include -I/usr/share/gettext -I/mingw64/include/glib-2.0 -O2 -L/mingw64/lib/gcc/x86_64-w64-mingw32/14.2.0 -L/mingw64/lib -L/usr/lib -L/mingw64/x86_64-w64-mingw32/lib -L/c/libidn2/gettext-0.22.5/libtextstyle/lib -Wl,-rpath,/mingw64/bin conftest.c  >&5
configure:4533: $? = 0
configure:4581: result: yes
configure:4584: checking for C compiler default output file name
configure:4586: result: a.exe
configure:4592: checking for suffix of executables
configure:4599: x86_64-w64-mingw32-gcc -o conftest.exe  -I/c/msys64/mingw64/include -I/mingw64/include -I/c/libidn2/gettext-0.22.5/libtextstyle/lib -O2  -I/c/msys64/mingw64/lib/gcc/x86_64-w64-mingw32/14.2.0/include/c++ -I/c/msys64/mingw64/include -I/mingw64/include -I/usr/share/gettext -I/mingw64/include/glib-2.0 -O2 -L/mingw64/lib/gcc/x86_64-w64-mingw32/14.2.0 -L/mingw64/lib -L/usr/lib -L/mingw64/x86_64-w64-mingw32/lib -L/c/libidn2/gettext-0.22.5/libtextstyle/lib -Wl,-rpath,/mingw64/bin conftest.c  >&5
configure:4603: $? = 0
configure:4625: result: .exe
configure:4647: checking whether we are cross compiling
configure:4655: x86_64-w64-mingw32-gcc -o conftest.exe  -I/c/msys64/mingw64/include -I/mingw64/include -I/c/libidn2/gettext-0.22.5/libtextstyle/lib -O2  -I/c/msys64/mingw64/lib/gcc/x86_64-w64-mingw32/14.2.0/include/c++ -I/c/msys64/mingw64/include -I/mingw64/include -I/usr/share/gettext -I/mingw64/include/glib-2.0 -O2 -L/mingw64/lib/gcc/x86_64-w64-mingw32/14.2.0 -L/mingw64/lib -L/usr/lib -L/mingw64/x86_64-w64-mingw32/lib -L/c/libidn2/gettext-0.22.5/libtextstyle/lib -Wl,-rpath,/mingw64/bin conftest.c  >&5
configure:4659: $? = 0
configure:4666: ./conftest.exe
configure:4670: $? = 0
configure:4685: result: no
configure:4690: checking for suffix of object files
configure:4712: x86_64-w64-mingw32-gcc -c  -I/c/msys64/mingw64/include -I/mingw64/include -I/c/libidn2/gettext-0.22.5/libtextstyle/lib -O2  -I/c/msys64/mingw64/lib/gcc/x86_64-w64-mingw32/14.2.0/include/c++ -I/c/msys64/mingw64/include -I/mingw64/include -I/usr/share/gettext -I/mingw64/include/glib-2.0 -O2 conftest.c >&5
configure:4716: $? = 0
configure:4737: result: o
configure:4741: checking whether we are using the GNU C compiler
configure:4760: x86_64-w64-mingw32-gcc -c  -I/c/msys64/mingw64/include -I/mingw64/include -I/c/libidn2/gettext-0.22.5/libtextstyle/lib -O2  -I/c/msys64/mingw64/lib/gcc/x86_64-w64-mingw32/14.2.0/include/c++ -I/c/msys64/mingw64/include -I/mingw64/include -I/usr/share/gettext -I/mingw64/include/glib-2.0 -O2 conftest.c >&5
configure:4760: $? = 0
configure:4769: result: yes
configure:4778: checking whether x86_64-w64-mingw32-gcc accepts -g
configure:4798: x86_64-w64-mingw32-gcc -c -g  -I/c/msys64/mingw64/lib/gcc/x86_64-w64-mingw32/14.2.0/include/c++ -I/c/msys64/mingw64/include -I/mingw64/include -I/usr/share/gettext -I/mingw64/include/glib-2.0 -O2 conftest.c >&5
configure:4798: $? = 0
configure:4839: result: yes
configure:4856: checking for x86_64-w64-mingw32-gcc option to accept ISO C89
configure:4919: x86_64-w64-mingw32-gcc  -c  -I/c/msys64/mingw64/include -I/mingw64/include -I/c/libidn2/gettext-0.22.5/libtextstyle/lib -O2  -I/c/msys64/mingw64/lib/gcc/x86_64-w64-mingw32/14.2.0/include/c++ -I/c/msys64/mingw64/include -I/mingw64/include -I/usr/share/gettext -I/mingw64/include/glib-2.0 -O2 conftest.c >&5
configure:4919: $? = 0
configure:4932: result: none needed
configure:4952: checking for x86_64-w64-mingw32-gcc option to accept ISO C99
configure:5101: x86_64-w64-mingw32-gcc  -c  -I/c/msys64/mingw64/include -I/mingw64/include -I/c/libidn2/gettext-0.22.5/libtextstyle/lib -O2  -I/c/msys64/mingw64/lib/gcc/x86_64-w64-mingw32/14.2.0/include/c++ -I/c/msys64/mingw64/include -I/mingw64/include -I/usr/share/gettext -I/mingw64/include/glib-2.0 -O2 conftest.c >&5
configure:5101: $? = 0
configure:5114: result: none needed
configure:5241: checking for C++ compiler version
configure:5250: x86_64-w64-mingw32-g++ --version >&5
x86_64-w64-mingw32-g++.exe (Rev1, Built by MSYS2 project) 14.2.0
Copyright (C) 2024 Free Software Foundation, Inc.
This is free software; see the source for copying conditions.  There is NO
warranty; not even for MERCHANTABILITY or FITNESS FOR A PARTICULAR PURPOSE.

configure:5261: $? = 0
configure:5250: x86_64-w64-mingw32-g++ -v >&5
Using built-in specs.
COLLECT_GCC=C:\msys64\mingw64\bin\x86_64-w64-mingw32-g++.exe
COLLECT_LTO_WRAPPER=C:/msys64/mingw64/bin/../lib/gcc/x86_64-w64-mingw32/14.2.0/lto-wrapper.exe
Target: x86_64-w64-mingw32
Configured with: ../gcc-14.2.0/configure --prefix=/mingw64 --with-local-prefix=/mingw64/local --build=x86_64-w64-mingw32 --host=x86_64-w64-mingw32 --target=x86_64-w64-mingw32 --with-native-system-header-dir=/mingw64/include --libexecdir=/mingw64/lib --enable-bootstrap --enable-checking=release --with-arch=nocona --with-tune=generic --enable-languages=c,lto,c++,fortran,ada,objc,obj-c++,rust,jit --enable-shared --enable-static --enable-libatomic --enable-threads=posix --enable-graphite --enable-fully-dynamic-string --enable-libstdcxx-filesystem-ts --enable-libstdcxx-time --disable-libstdcxx-pch --enable-lto --enable-libgomp --disable-libssp --disable-multilib --disable-rpath --disable-win32-registry --disable-nls --disable-werror --disable-symvers --with-libiconv --with-system-zlib --with-gmp=/mingw64 --with-mpfr=/mingw64 --with-mpc=/mingw64 --with-isl=/mingw64 --with-pkgversion='Rev1, Built by MSYS2 project' --with-bugurl=https://github.com/msys2/MINGW-packages/issues --with-gnu-as --with-gnu-ld --disable-libstdcxx-debug --enable-plugin --with-boot-ldflags=-static-libstdc++ --with-stage1-ldflags=-static-libstdc++
Thread model: posix
Supported LTO compression algorithms: zlib zstd
gcc version 14.2.0 (Rev1, Built by MSYS2 project) 
configure:5261: $? = 0
configure:5250: x86_64-w64-mingw32-g++ -V >&5
x86_64-w64-mingw32-g++.exe: error: unrecognized command-line option '-V'
x86_64-w64-mingw32-g++.exe: fatal error: no input files
compilation terminated.
configure:5261: $? = 1
configure:5250: x86_64-w64-mingw32-g++ -qversion >&5
x86_64-w64-mingw32-g++.exe: error: unrecognized command-line option '-qversion'; did you mean '--version'?
x86_64-w64-mingw32-g++.exe: fatal error: no input files
compilation terminated.
configure:5261: $? = 1
configure:5265: checking whether we are using the GNU C++ compiler
configure:5284: x86_64-w64-mingw32-g++ -c -I/c/msys64/mingw64/lib/gcc/x86_64-w64-mingw32/14.2.0/include/c++ -I/c/msys64/mingw64/include -O2 -DDEBUG -DVERSION="1.0.0"  -I/c/msys64/mingw64/lib/gcc/x86_64-w64-mingw32/14.2.0/include/c++ -I/c/msys64/mingw64/include -I/mingw64/include -I/usr/share/gettext -I/mingw64/include/glib-2.0 -O2 conftest.cpp >&5
configure:5284: $? = 0
configure:5293: result: yes
configure:5302: checking whether x86_64-w64-mingw32-g++ accepts -g
configure:5322: x86_64-w64-mingw32-g++ -c -g  -I/c/msys64/mingw64/lib/gcc/x86_64-w64-mingw32/14.2.0/include/c++ -I/c/msys64/mingw64/include -I/mingw64/include -I/usr/share/gettext -I/mingw64/include/glib-2.0 -O2 conftest.cpp >&5
configure:5322: $? = 0
configure:5363: result: yes
configure:5412: checking whether g++ accepts -static-libstdc++ -static-libgcc
configure:5429: x86_64-w64-mingw32-g++ -o conftest.exe -I/c/msys64/mingw64/lib/gcc/x86_64-w64-mingw32/14.2.0/include/c++ -I/c/msys64/mingw64/include -O2 -DDEBUG -DVERSION="1.0.0"  -I/c/msys64/mingw64/lib/gcc/x86_64-w64-mingw32/14.2.0/include/c++ -I/c/msys64/mingw64/include -I/mingw64/include -I/usr/share/gettext -I/mingw64/include/glib-2.0 -O2 -L/mingw64/lib/gcc/x86_64-w64-mingw32/14.2.0 -L/mingw64/lib -L/usr/lib -L/mingw64/x86_64-w64-mingw32/lib -L/c/libidn2/gettext-0.22.5/libtextstyle/lib -Wl,-rpath,/mingw64/bin -static-libstdc++ -static-libgcc conftest.cpp  >&5
configure:5429: $? = 0
configure:5430: result: yes
configure:5494: checking for gnatbind
configure:5524: result: no
configure:5586: checking for gnatmake
configure:5616: result: no
configure:5635: checking whether compiler driver understands Ada and is recent enough
configure:5662: result: no
configure:5716: checking for gdc
configure:5746: result: no
configure:5765: checking whether the D compiler works
configure:5782: result: no
configure:5794: checking for cargo
configure:5824: result: no
configure:5838: checking how to compare bootstrapped objects
configure:5863: result: cmp --ignore-initial=16 $$f1 $$f2
configure:8007: checking for objdir
configure:8022: result: .libs
configure:8192: checking for the correct version of gmp.h
configure:8211: x86_64-w64-mingw32-gcc -c  -I/c/msys64/mingw64/include -I/mingw64/include -I/c/libidn2/gettext-0.22.5/libtextstyle/lib -O2   -I/c/msys64/mingw64/lib/gcc/x86_64-w64-mingw32/14.2.0/include/c++ -I/c/msys64/mingw64/include -I/mingw64/include -I/usr/share/gettext -I/mingw64/include/glib-2.0 -O2 conftest.c >&5
configure:8211: $? = 0
configure:8229: x86_64-w64-mingw32-gcc -c  -I/c/msys64/mingw64/include -I/mingw64/include -I/c/libidn2/gettext-0.22.5/libtextstyle/lib -O2   -I/c/msys64/mingw64/lib/gcc/x86_64-w64-mingw32/14.2.0/include/c++ -I/c/msys64/mingw64/include -I/mingw64/include -I/usr/share/gettext -I/mingw64/include/glib-2.0 -O2 conftest.c >&5
configure:8229: $? = 0
configure:8230: result: yes
configure:8246: checking for the correct version of mpfr.h
configure:8264: x86_64-w64-mingw32-gcc -c  -I/c/msys64/mingw64/include -I/mingw64/include -I/c/libidn2/gettext-0.22.5/libtextstyle/lib -O2   -I/c/msys64/mingw64/lib/gcc/x86_64-w64-mingw32/14.2.0/include/c++ -I/c/msys64/mingw64/include -I/mingw64/include -I/usr/share/gettext -I/mingw64/include/glib-2.0 -O2 conftest.c >&5
configure:8264: $? = 0
configure:8281: x86_64-w64-mingw32-gcc -c  -I/c/msys64/mingw64/include -I/mingw64/include -I/c/libidn2/gettext-0.22.5/libtextstyle/lib -O2   -I/c/msys64/mingw64/lib/gcc/x86_64-w64-mingw32/14.2.0/include/c++ -I/c/msys64/mingw64/include -I/mingw64/include -I/usr/share/gettext -I/mingw64/include/glib-2.0 -O2 conftest.c >&5
configure:8281: $? = 0
configure:8282: result: yes
configure:8299: checking for the correct version of mpc.h
configure:8316: x86_64-w64-mingw32-gcc -c  -I/c/msys64/mingw64/include -I/mingw64/include -I/c/libidn2/gettext-0.22.5/libtextstyle/lib -O2   -I/c/msys64/mingw64/lib/gcc/x86_64-w64-mingw32/14.2.0/include/c++ -I/c/msys64/mingw64/include -I/mingw64/include -I/usr/share/gettext -I/mingw64/include/glib-2.0 -O2 conftest.c >&5
configure:8316: $? = 0
configure:8332: x86_64-w64-mingw32-gcc -c  -I/c/msys64/mingw64/include -I/mingw64/include -I/c/libidn2/gettext-0.22.5/libtextstyle/lib -O2   -I/c/msys64/mingw64/lib/gcc/x86_64-w64-mingw32/14.2.0/include/c++ -I/c/msys64/mingw64/include -I/mingw64/include -I/usr/share/gettext -I/mingw64/include/glib-2.0 -O2 conftest.c >&5
configure:8332: $? = 0
configure:8333: result: yes
configure:8351: checking for the correct version of the gmp/mpfr libraries
configure:8375: x86_64-w64-mingw32-gcc -o conftest.exe  -I/c/msys64/mingw64/include -I/mingw64/include -I/c/libidn2/gettext-0.22.5/libtextstyle/lib -O2   -I/c/msys64/mingw64/lib/gcc/x86_64-w64-mingw32/14.2.0/include/c++ -I/c/msys64/mingw64/include -I/mingw64/include -I/usr/share/gettext -I/mingw64/include/glib-2.0 -O2 -L/mingw64/lib/gcc/x86_64-w64-mingw32/14.2.0 -L/mingw64/lib -L/usr/lib -L/mingw64/x86_64-w64-mingw32/lib -L/c/libidn2/gettext-0.22.5/libtextstyle/lib -Wl,-rpath,/mingw64/bin conftest.c  -lmpc -lmpfr -lgmp >&5
configure:8375: $? = 0
configure:8376: result: yes
configure:8391: checking for the correct version of the mpc libraries
configure:8412: x86_64-w64-mingw32-gcc -o conftest.exe  -I/c/msys64/mingw64/include -I/mingw64/include -I/c/libidn2/gettext-0.22.5/libtextstyle/lib -O2   -I/c/msys64/mingw64/lib/gcc/x86_64-w64-mingw32/14.2.0/include/c++ -I/c/msys64/mingw64/include -I/mingw64/include -I/usr/share/gettext -I/mingw64/include/glib-2.0 -O2 -L/mingw64/lib/gcc/x86_64-w64-mingw32/14.2.0 -L/mingw64/lib -L/usr/lib -L/mingw64/x86_64-w64-mingw32/lib -L/c/libidn2/gettext-0.22.5/libtextstyle/lib -Wl,-rpath,/mingw64/bin conftest.c  -lmpc -lmpfr -lgmp >&5
configure:8412: $? = 0
configure:8413: result: yes
configure:8638: checking for isl 0.15 or later
configure:8651: x86_64-w64-mingw32-gcc -o conftest.exe  -I/c/msys64/mingw64/include -I/mingw64/include -I/c/libidn2/gettext-0.22.5/libtextstyle/lib -O2    -I/c/msys64/mingw64/lib/gcc/x86_64-w64-mingw32/14.2.0/include/c++ -I/c/msys64/mingw64/include -I/mingw64/include -I/usr/share/gettext -I/mingw64/include/glib-2.0 -O2 -L/mingw64/lib/gcc/x86_64-w64-mingw32/14.2.0 -L/mingw64/lib -L/usr/lib -L/mingw64/x86_64-w64-mingw32/lib -L/c/libidn2/gettext-0.22.5/libtextstyle/lib -Wl,-rpath,/mingw64/bin  -lisl -lmpc -lmpfr -lgmp conftest.c  -lisl -lgmp >&5
configure:8651: $? = 0
configure:8658: result: yes
configure:9927: checking for default BUILD_CONFIG
configure:9959: result: bootstrap-debug
configure:9964: checking for --enable-vtable-verify
configure:9977: result: no
configure:10654: checking for bison
configure:10670: found /usr/bin/bison
configure:10681: result: bison -y
configure:10701: checking for bison
configure:10717: found /usr/bin/bison
configure:10728: result: bison
configure:10748: checking for gm4
configure:10775: result: /usr/bin/m4
configure:10795: checking for flex
configure:10811: found /usr/bin/flex
configure:10822: result: flex
configure:10843: checking for flex
configure:10859: found /usr/bin/flex
configure:10870: result: flex
configure:10890: checking for makeinfo
configure:10906: found /usr/bin/makeinfo
configure:10917: result: makeinfo
configure:10951: checking for expect
configure:10981: result: no
configure:11000: checking for runtest
configure:11030: result: no
configure:11064: checking for ar
configure:11091: result: /mingw64/x86_64-w64-mingw32/bin/ar.exe
configure:11286: checking for as
configure:11302: found /c/msys64/mingw64/bin/as
configure:11313: result: as
configure:11427: checking for dlltool
configure:11443: found /c/msys64/mingw64/bin/dlltool
configure:11454: result: dlltool
configure:11568: checking for dsymutil
configure:11584: found /mingw64-backup-11.2.0/bin/dsymutil
configure:11595: result: dsymutil
configure:11628: checking for ld
configure:11655: result: /mingw64/x86_64-w64-mingw32/bin/ld.exe
configure:11850: checking for lipo
configure:11880: result: no
configure:11991: checking for nm
configure:12007: found /c/msys64/mingw64/bin/nm
configure:12018: result: nm
configure:12132: checking for ranlib
configure:12148: found /c/msys64/mingw64/bin/ranlib
configure:12159: result: ranlib
configure:12268: checking for strip
configure:12284: found /c/msys64/mingw64/bin/strip
configure:12295: result: strip
configure:12404: checking for windres
configure:12420: found /c/msys64/mingw64/bin/windres
configure:12431: result: windres
configure:12545: checking for windmc
configure:12561: found /c/msys64/mingw64/bin/windmc
configure:12572: result: windmc
configure:12686: checking for objcopy
configure:12702: found /c/msys64/mingw64/bin/objcopy
configure:12713: result: objcopy
configure:12827: checking for objdump
configure:12843: found /c/msys64/mingw64/bin/objdump
configure:12854: result: objdump
configure:12968: checking for otool
configure:12998: result: no
configure:13109: checking for readelf
configure:13125: found /c/msys64/mingw64/bin/readelf
configure:13136: result: readelf
configure:13166: checking for -plugin option
configure:13289: result: no
configure:13433: checking for cc
configure:13449: found /c/msys64/mingw64/bin/cc
configure:13460: result: cc
configure:13594: checking for c++
configure:13610: found /c/msys64/mingw64/bin/c++
configure:13621: result: c++
configure:13755: checking for gcc
configure:13771: found /c/msys64/mingw64/bin/gcc
configure:13782: result: gcc
configure:13911: checking for gfortran
configure:13927: found /c/msys64/mingw64/bin/gfortran
configure:13938: result: gfortran
configure:14072: checking for gccgo
configure:14102: result: no
configure:14233: checking for gdc
configure:14263: result: no
configure:14394: checking for gm2
configure:14424: result: no
configure:14485: checking for ar
configure:14503: found /mingw64/x86_64-w64-mingw32/bin/ar
configure:14515: result: /mingw64/x86_64-w64-mingw32/bin/ar
configure:14715: checking for as
configure:14733: found /mingw64/x86_64-w64-mingw32/bin/as
configure:14745: result: /mingw64/x86_64-w64-mingw32/bin/as
configure:14945: checking for dlltool
configure:14963: found /mingw64/x86_64-w64-mingw32/bin/dlltool
configure:14975: result: /mingw64/x86_64-w64-mingw32/bin/dlltool
configure:15175: checking for dsymutil
configure:15208: result: no
configure:15325: checking for dsymutil
configure:15341: found /mingw64-backup-11.2.0/bin/dsymutil
configure:15352: result: dsymutil
configure:15405: checking for ld
configure:15423: found /mingw64/x86_64-w64-mingw32/bin/ld
configure:15435: result: /mingw64/x86_64-w64-mingw32/bin/ld
configure:15635: checking for lipo
configure:15668: result: no
configure:15785: checking for lipo
configure:15815: result: no
configure:15865: checking for nm
configure:15883: found /mingw64/x86_64-w64-mingw32/bin/nm
configure:15895: result: /mingw64/x86_64-w64-mingw32/bin/nm
configure:16095: checking for objcopy
configure:16113: found /mingw64/x86_64-w64-mingw32/bin/objcopy
configure:16125: result: /mingw64/x86_64-w64-mingw32/bin/objcopy
configure:16325: checking for objdump
configure:16343: found /mingw64/x86_64-w64-mingw32/bin/objdump
configure:16355: result: /mingw64/x86_64-w64-mingw32/bin/objdump
configure:16555: checking for otool
configure:16588: result: no
configure:16705: checking for otool
configure:16735: result: no
configure:16785: checking for ranlib
configure:16803: found /mingw64/x86_64-w64-mingw32/bin/ranlib
configure:16815: result: /mingw64/x86_64-w64-mingw32/bin/ranlib
configure:17015: checking for readelf
configure:17033: found /mingw64/x86_64-w64-mingw32/bin/readelf
configure:17045: result: /mingw64/x86_64-w64-mingw32/bin/readelf
configure:17245: checking for strip
configure:17263: found /mingw64/x86_64-w64-mingw32/bin/strip
configure:17275: result: /mingw64/x86_64-w64-mingw32/bin/strip
configure:17475: checking for windres
configure:17508: result: no
configure:17625: checking for windres
configure:17641: found /c/msys64/mingw64/bin/windres
configure:17652: result: windres
configure:17705: checking for windmc
configure:17738: result: no
configure:17855: checking for windmc
configure:17871: found /c/msys64/mingw64/bin/windmc
configure:17882: result: windmc
configure:17913: checking where to find the target ar
configure:17941: result: pre-installed in /mingw64/x86_64-w64-mingw32/bin
configure:17955: checking where to find the target as
configure:17983: result: pre-installed in /mingw64/x86_64-w64-mingw32/bin
configure:17997: checking where to find the target cc
configure:18020: result: just compiled
configure:18039: checking where to find the target c++
configure:18065: result: just compiled
configure:18084: checking where to find the target c++ for libstdc++
configure:18110: result: just compiled
configure:18129: checking where to find the target dlltool
configure:18157: result: pre-installed in /mingw64/x86_64-w64-mingw32/bin
configure:18171: checking where to find the target dsymutil
configure:18193: result: host tool
configure:18202: checking where to find the target gcc
configure:18225: result: just compiled
configure:18244: checking where to find the target gfortran
configure:18280: result: host tool
configure:18289: checking where to find the target gccgo
configure:18325: result: host tool
configure:18334: checking where to find the target gdc
configure:18370: result: host tool
configure:18379: checking where to find the target gm2
configure:18415: result: host tool
configure:18424: checking where to find the target ld
configure:18452: result: pre-installed in /mingw64/x86_64-w64-mingw32/bin
configure:18466: checking where to find the target lipo
configure:18488: result: host tool
configure:18497: checking where to find the target nm
configure:18525: result: pre-installed in /mingw64/x86_64-w64-mingw32/bin
configure:18539: checking where to find the target objcopy
configure:18567: result: pre-installed in /mingw64/x86_64-w64-mingw32/bin
configure:18581: checking where to find the target objdump
configure:18609: result: pre-installed in /mingw64/x86_64-w64-mingw32/bin
configure:18623: checking where to find the target otool
configure:18645: result: host tool
configure:18654: checking where to find the target ranlib
configure:18682: result: pre-installed in /mingw64/x86_64-w64-mingw32/bin
configure:18696: checking where to find the target readelf
configure:18724: result: pre-installed in /mingw64/x86_64-w64-mingw32/bin
configure:18738: checking where to find the target strip
configure:18766: result: pre-installed in /mingw64/x86_64-w64-mingw32/bin
configure:18780: checking where to find the target windres
configure:18813: result: host tool
configure:18822: checking where to find the target windmc
configure:18855: result: host tool
configure:18892: checking whether to enable maintainer-specific portions of Makefiles
configure:18901: result: no
configure:19138: creating ./config.status

## ---------------------- ##
## Running config.status. ##
## ---------------------- ##

This file was extended by config.status, which was
generated by GNU Autoconf 2.69.  Invocation command line was

  CONFIG_FILES    = 
  CONFIG_HEADERS  = 
  CONFIG_LINKS    = 
  CONFIG_COMMANDS = 
  $ ./config.status 

on kimnayooung

config.status:1056: creating Makefile

## ---------------- ##
## Cache variables. ##
## ---------------- ##

ac_cv_build=x86_64-w64-mingw32
ac_cv_c_compiler_gnu=yes
ac_cv_cxx_compiler_gnu=yes
ac_cv_env_AR_FOR_TARGET_set=
ac_cv_env_AR_FOR_TARGET_value=
ac_cv_env_AR_set=set
ac_cv_env_AR_value=/mingw64/x86_64-w64-mingw32/bin/ar.exe
ac_cv_env_AS_FOR_TARGET_set=
ac_cv_env_AS_FOR_TARGET_value=
ac_cv_env_AS_set=
ac_cv_env_AS_value=
ac_cv_env_CCC_set=
ac_cv_env_CCC_value=
ac_cv_env_CC_FOR_TARGET_set=
ac_cv_env_CC_FOR_TARGET_value=
ac_cv_env_CC_set=set
ac_cv_env_CC_value=x86_64-w64-mingw32-gcc
ac_cv_env_CFLAGS_set=set
ac_cv_env_CFLAGS_value=' -I/c/msys64/mingw64/include -I/mingw64/include -I/c/libidn2/gettext-0.22.5/libtextstyle/lib -O2'
ac_cv_env_CPPFLAGS_set=set
ac_cv_env_CPPFLAGS_value=' -I/c/msys64/mingw64/lib/gcc/x86_64-w64-mingw32/14.2.0/include/c++ -I/c/msys64/mingw64/include -I/mingw64/include -I/usr/share/gettext -I/mingw64/include/glib-2.0 -O2'
ac_cv_env_CXXFLAGS_set=set
ac_cv_env_CXXFLAGS_value='-I/c/msys64/mingw64/lib/gcc/x86_64-w64-mingw32/14.2.0/include/c++ -I/c/msys64/mingw64/include -O2 -DDEBUG -DVERSION="1.0.0"'
ac_cv_env_CXX_FOR_TARGET_set=
ac_cv_env_CXX_FOR_TARGET_value=
ac_cv_env_CXX_set=set
ac_cv_env_CXX_value=x86_64-w64-mingw32-g++
ac_cv_env_DLLTOOL_FOR_TARGET_set=
ac_cv_env_DLLTOOL_FOR_TARGET_value=
ac_cv_env_DLLTOOL_set=
ac_cv_env_DLLTOOL_value=
ac_cv_env_DSYMUTIL_FOR_TARGET_set=
ac_cv_env_DSYMUTIL_FOR_TARGET_value=
ac_cv_env_DSYMUTIL_set=
ac_cv_env_DSYMUTIL_value=
ac_cv_env_GCC_FOR_TARGET_set=
ac_cv_env_GCC_FOR_TARGET_value=
ac_cv_env_GDC_FOR_TARGET_set=
ac_cv_env_GDC_FOR_TARGET_value=
ac_cv_env_GFORTRAN_FOR_TARGET_set=
ac_cv_env_GFORTRAN_FOR_TARGET_value=
ac_cv_env_GM2_FOR_TARGET_set=
ac_cv_env_GM2_FOR_TARGET_value=
ac_cv_env_GOC_FOR_TARGET_set=
ac_cv_env_GOC_FOR_TARGET_value=
ac_cv_env_LDFLAGS_set=set
ac_cv_env_LDFLAGS_value='-L/mingw64/lib/gcc/x86_64-w64-mingw32/14.2.0 -L/mingw64/lib -L/usr/lib -L/mingw64/x86_64-w64-mingw32/lib -L/c/libidn2/gettext-0.22.5/libtextstyle/lib -Wl,-rpath,/mingw64/bin'
ac_cv_env_LD_FOR_TARGET_set=
ac_cv_env_LD_FOR_TARGET_value=
ac_cv_env_LD_set=set
ac_cv_env_LD_value=/mingw64/x86_64-w64-mingw32/bin/ld.exe
ac_cv_env_LIBS_set=
ac_cv_env_LIBS_value=
ac_cv_env_LIPO_FOR_TARGET_set=
ac_cv_env_LIPO_FOR_TARGET_value=
ac_cv_env_LIPO_set=
ac_cv_env_LIPO_value=
ac_cv_env_NM_FOR_TARGET_set=
ac_cv_env_NM_FOR_TARGET_value=
ac_cv_env_NM_set=
ac_cv_env_NM_value=
ac_cv_env_OBJCOPY_FOR_TARGET_set=
ac_cv_env_OBJCOPY_FOR_TARGET_value=
ac_cv_env_OBJCOPY_set=
ac_cv_env_OBJCOPY_value=
ac_cv_env_OBJDUMP_FOR_TARGET_set=
ac_cv_env_OBJDUMP_FOR_TARGET_value=
ac_cv_env_OBJDUMP_set=
ac_cv_env_OBJDUMP_value=
ac_cv_env_OTOOL_FOR_TARGET_set=
ac_cv_env_OTOOL_FOR_TARGET_value=
ac_cv_env_OTOOL_set=
ac_cv_env_OTOOL_value=
ac_cv_env_RANLIB_FOR_TARGET_set=
ac_cv_env_RANLIB_FOR_TARGET_value=
ac_cv_env_RANLIB_set=
ac_cv_env_RANLIB_value=
ac_cv_env_READELF_FOR_TARGET_set=
ac_cv_env_READELF_FOR_TARGET_value=
ac_cv_env_READELF_set=
ac_cv_env_READELF_value=
ac_cv_env_STRIP_FOR_TARGET_set=
ac_cv_env_STRIP_FOR_TARGET_value=
ac_cv_env_STRIP_set=
ac_cv_env_STRIP_value=
ac_cv_env_WINDMC_FOR_TARGET_set=
ac_cv_env_WINDMC_FOR_TARGET_value=
ac_cv_env_WINDMC_set=
ac_cv_env_WINDMC_value=
ac_cv_env_WINDRES_FOR_TARGET_set=
ac_cv_env_WINDRES_FOR_TARGET_value=
ac_cv_env_WINDRES_set=
ac_cv_env_WINDRES_value=
ac_cv_env_build_alias_set=
ac_cv_env_build_alias_value=
ac_cv_env_build_configargs_set=
ac_cv_env_build_configargs_value=
ac_cv_env_host_alias_set=
ac_cv_env_host_alias_value=
ac_cv_env_host_configargs_set=
ac_cv_env_host_configargs_value=
ac_cv_env_target_alias_set=
ac_cv_env_target_alias_value=
ac_cv_env_target_configargs_set=
ac_cv_env_target_configargs_value=
ac_cv_exeext=.exe
ac_cv_host=x86_64-w64-mingw32
ac_cv_objext=o
ac_cv_path_AR_FOR_TARGET=/mingw64/x86_64-w64-mingw32/bin/ar
ac_cv_path_AS_FOR_TARGET=/mingw64/x86_64-w64-mingw32/bin/as
ac_cv_path_DLLTOOL_FOR_TARGET=/mingw64/x86_64-w64-mingw32/bin/dlltool
ac_cv_path_LD_FOR_TARGET=/mingw64/x86_64-w64-mingw32/bin/ld
ac_cv_path_NM_FOR_TARGET=/mingw64/x86_64-w64-mingw32/bin/nm
ac_cv_path_OBJCOPY_FOR_TARGET=/mingw64/x86_64-w64-mingw32/bin/objcopy
ac_cv_path_OBJDUMP_FOR_TARGET=/mingw64/x86_64-w64-mingw32/bin/objdump
ac_cv_path_RANLIB_FOR_TARGET=/mingw64/x86_64-w64-mingw32/bin/ranlib
ac_cv_path_READELF_FOR_TARGET=/mingw64/x86_64-w64-mingw32/bin/readelf
ac_cv_path_SED=/usr/bin/sed
ac_cv_path_STRIP_FOR_TARGET=/mingw64/x86_64-w64-mingw32/bin/strip
ac_cv_path_install='/usr/bin/install -c'
ac_cv_prog_AR=/mingw64/x86_64-w64-mingw32/bin/ar.exe
ac_cv_prog_AS=as
ac_cv_prog_AWK=gawk
ac_cv_prog_BISON=bison
ac_cv_prog_CC_FOR_TARGET=cc
ac_cv_prog_CXX_FOR_TARGET=c++
ac_cv_prog_DLLTOOL=dlltool
ac_cv_prog_DSYMUTIL=dsymutil
ac_cv_prog_DSYMUTIL_FOR_TARGET=dsymutil
ac_cv_prog_FLEX=flex
ac_cv_prog_GCC_FOR_TARGET=gcc
ac_cv_prog_GFORTRAN_FOR_TARGET=gfortran
ac_cv_prog_LD=/mingw64/x86_64-w64-mingw32/bin/ld.exe
ac_cv_prog_LEX=flex
ac_cv_prog_M4=/usr/bin/m4
ac_cv_prog_MAKEINFO=makeinfo
ac_cv_prog_NM=nm
ac_cv_prog_OBJCOPY=objcopy
ac_cv_prog_OBJDUMP=objdump
ac_cv_prog_RANLIB=ranlib
ac_cv_prog_READELF=readelf
ac_cv_prog_STRIP=strip
ac_cv_prog_WINDMC=windmc
ac_cv_prog_WINDMC_FOR_TARGET=windmc
ac_cv_prog_WINDRES=windres
ac_cv_prog_WINDRES_FOR_TARGET=windres
ac_cv_prog_YACC='bison -y'
ac_cv_prog_ac_ct_CC=x86_64-w64-mingw32-gcc
ac_cv_prog_cc_c89=
ac_cv_prog_cc_c99=
ac_cv_prog_cc_g=yes
ac_cv_prog_cxx_g=yes
ac_cv_target=x86_64-w64-mingw32
acx_cv_cc_gcc_supports_ada=no
acx_cv_d_compiler_works=no
acx_cv_prog_LN=ln
gcc_cv_isl=yes
gcc_cv_prog_cmp_skip='cmp --ignore-initial=16 $$f1 $$f2'
gcc_cv_tool_dirs=/mingw64/libexec/gcc/x86_64-w64-mingw32/14.2.0:/mingw64/libexec/gcc/x86_64-w64-mingw32:/usr/lib/gcc/x86_64-w64-mingw32/14.2.0:/usr/lib/gcc/x86_64-w64-mingw32:/mingw64/x86_64-w64-mingw32/bin/x86_64-w64-mingw32/14.2.0:/mingw64/x86_64-w64-mingw32/bin:
gcc_cv_tool_prefix=/mingw64
lt_cv_objdir=.libs

## ----------------- ##
## Output variables. ##
## ----------------- ##

AR='/mingw64/x86_64-w64-mingw32/bin/ar.exe'
AR_FOR_BUILD='$(AR)'
AR_FOR_TARGET='/mingw64/x86_64-w64-mingw32/bin/ar'
AR_PLUGIN_OPTION=''
AS='as'
AS_FOR_BUILD='$(AS)'
AS_FOR_TARGET='/mingw64/x86_64-w64-mingw32/bin/as'
AWK='gawk'
BISON='bison'
BUILD_CONFIG='bootstrap-debug'
CARGO='no'
CC='x86_64-w64-mingw32-gcc'
CC_FOR_BUILD='$(CC)'
CC_FOR_TARGET='$$r/$(HOST_SUBDIR)/gcc/xgcc -B$$r/$(HOST_SUBDIR)/gcc/'
CFLAGS=' -I/c/msys64/mingw64/include -I/mingw64/include -I/c/libidn2/gettext-0.22.5/libtextstyle/lib -O2'
CFLAGS_FOR_BUILD=' -I/c/msys64/mingw64/include -I/mingw64/include -I/c/libidn2/gettext-0.22.5/libtextstyle/lib -O2'
CFLAGS_FOR_TARGET='-g  -I/c/msys64/mingw64/include -I/mingw64/include -I/c/libidn2/gettext-0.22.5/libtextstyle/lib -O2'
COMPILER_AS_FOR_TARGET='$$r/$(HOST_SUBDIR)/gcc/as'
COMPILER_LD_FOR_TARGET='$$r/$(HOST_SUBDIR)/gcc/collect-ld'
COMPILER_NM_FOR_TARGET='$$r/$(HOST_SUBDIR)/gcc/nm'
CONFIGURE_GDB_TK=''
CPPFLAGS=' -I/c/msys64/mingw64/lib/gcc/x86_64-w64-mingw32/14.2.0/include/c++ -I/c/msys64/mingw64/include -I/mingw64/include -I/usr/share/gettext -I/mingw64/include/glib-2.0 -O2'
CPPFLAGS_FOR_BUILD=' -I/c/msys64/mingw64/lib/gcc/x86_64-w64-mingw32/14.2.0/include/c++ -I/c/msys64/mingw64/include -I/mingw64/include -I/usr/share/gettext -I/mingw64/include/glib-2.0 -O2'
CPP_FOR_BUILD=''
CXX='x86_64-w64-mingw32-g++ -std=c++11'
CXXFLAGS='-I/c/msys64/mingw64/lib/gcc/x86_64-w64-mingw32/14.2.0/include/c++ -I/c/msys64/mingw64/include -O2 -DDEBUG -DVERSION="1.0.0"'
CXXFLAGS_FOR_BUILD='-I/c/msys64/mingw64/lib/gcc/x86_64-w64-mingw32/14.2.0/include/c++ -I/c/msys64/mingw64/include -O2 -DDEBUG -DVERSION="1.0.0"'
CXXFLAGS_FOR_TARGET='-g -I/c/msys64/mingw64/lib/gcc/x86_64-w64-mingw32/14.2.0/include/c++ -I/c/msys64/mingw64/include -O2 -DDEBUG -DVERSION="1.0.0"'
CXX_FOR_BUILD='$(CXX)'
CXX_FOR_TARGET='$$r/$(HOST_SUBDIR)/gcc/xg++ -B$$r/$(HOST_SUBDIR)/gcc/ -nostdinc++ `if test -f $$r/$(TARGET_SUBDIR)/libstdc++-v3/scripts/testsuite_flags; then $(SHELL) $$r/$(TARGET_SUBDIR)/libstdc++-v3/scripts/testsuite_flags --build-includes; else echo -funconfigured-libstdc++-v3 ; fi` -L$$r/$(TARGET_SUBDIR)/libstdc++-v3/src -L$$r/$(TARGET_SUBDIR)/libstdc++-v3/src/.libs -L$$r/$(TARGET_SUBDIR)/libstdc++-v3/libsupc++/.libs'
DEBUG_PREFIX_CFLAGS_FOR_TARGET=''
DEFS='-DPACKAGE_NAME=\"\" -DPACKAGE_TARNAME=\"\" -DPACKAGE_VERSION=\"\" -DPACKAGE_STRING=\"\" -DPACKAGE_BUGREPORT=\"\" -DPACKAGE_URL=\"\" -DLT_OBJDIR=\".libs/\"'
DLLTOOL='dlltool'
DLLTOOL_FOR_BUILD='$(DLLTOOL)'
DLLTOOL_FOR_TARGET='/mingw64/x86_64-w64-mingw32/bin/dlltool'
DSYMUTIL='dsymutil'
DSYMUTIL_FOR_BUILD='$(DSYMUTIL)'
DSYMUTIL_FOR_TARGET='$(DSYMUTIL)'
ECHO_C=''
ECHO_N='-n'
ECHO_T=''
EXEEXT='.exe'
EXPECT='expect'
FLAGS_FOR_TARGET=' -L${prefix}/${target}/lib -L${prefix}/mingw/lib -isystem ${prefix}/${target}/include -isystem ${prefix}/mingw/include -B$(build_tooldir)/bin/ -B$(build_tooldir)/lib/ -isystem $(build_tooldir)/include -isystem $(build_tooldir)/sys-include'
FLEX='flex'
GCC_FOR_TARGET='$$r/$(HOST_SUBDIR)/gcc/xgcc -B$$r/$(HOST_SUBDIR)/gcc/'
GCC_SHLIB_SUBDIR='/shlib'
GDB_TK=''
GDC='no'
GDCFLAGS=' -I/c/msys64/mingw64/include -I/mingw64/include -I/c/libidn2/gettext-0.22.5/libtextstyle/lib -O2'
GDC_FOR_BUILD='$(GDC)'
GDC_FOR_TARGET='$(GDC)'
GFORTRAN_FOR_BUILD='$(GFORTRAN)'
GFORTRAN_FOR_TARGET='$(GFORTRAN)'
GM2_FOR_TARGET='$(GM2)'
GNATBIND='no'
GNATMAKE='no'
GOC_FOR_BUILD='$(GOC)'
GOC_FOR_TARGET='$(GOC)'
HAVE_CXX11=''
HAVE_CXX11_FOR_BUILD=''
INSTALL_DATA='${INSTALL} -m 644'
INSTALL_GDB_TK=''
INSTALL_PROGRAM='${INSTALL}'
INSTALL_SCRIPT='${INSTALL}'
LD='/mingw64/x86_64-w64-mingw32/bin/ld.exe'
LDFLAGS='-L/mingw64/lib/gcc/x86_64-w64-mingw32/14.2.0 -L/mingw64/lib -L/usr/lib -L/mingw64/x86_64-w64-mingw32/lib -L/c/libidn2/gettext-0.22.5/libtextstyle/lib -Wl,-rpath,/mingw64/bin'
LDFLAGS_FOR_BUILD='-L/mingw64/lib/gcc/x86_64-w64-mingw32/14.2.0 -L/mingw64/lib -L/usr/lib -L/mingw64/x86_64-w64-mingw32/lib -L/c/libidn2/gettext-0.22.5/libtextstyle/lib -Wl,-rpath,/mingw64/bin'
LDFLAGS_FOR_TARGET=''
LD_FOR_BUILD='$(LD)'
LD_FOR_TARGET='/mingw64/x86_64-w64-mingw32/bin/ld'
LEX='flex'
LIBOBJS=''
LIBS=''
LIPO='lipo'
LIPO_FOR_TARGET='$(LIPO)'
LN='ln'
LN_S='cp -pR'
LTLIBOBJS=''
M4='/usr/bin/m4'
MAINT='#'
MAINTAINER_MODE_FALSE=''
MAINTAINER_MODE_TRUE='#'
MAKEINFO='makeinfo'
NM='nm'
NM_FOR_BUILD='$(NM)'
NM_FOR_TARGET='/mingw64/x86_64-w64-mingw32/bin/nm'
OBJCOPY='objcopy'
OBJCOPY_FOR_TARGET='/mingw64/x86_64-w64-mingw32/bin/objcopy'
OBJDUMP='objdump'
OBJDUMP_FOR_TARGET='/mingw64/x86_64-w64-mingw32/bin/objdump'
OBJEXT='o'
OTOOL='otool'
OTOOL_FOR_TARGET='$(OTOOL)'
PACKAGE_BUGREPORT=''
PACKAGE_NAME=''
PACKAGE_STRING=''
PACKAGE_TARNAME=''
PACKAGE_URL=''
PACKAGE_VERSION=''
PATH_SEPARATOR=':'
PGO_BUILD_GEN_CFLAGS=''
PGO_BUILD_LTO_CFLAGS=''
PGO_BUILD_USE_CFLAGS=''
PICFLAG=''
PKG_CONFIG_PATH='/mingw64/lib/pkgconfig:/usr/lib/pkgconfig'
RANLIB='ranlib'
RANLIB_FOR_BUILD='$(RANLIB)'
RANLIB_FOR_TARGET='/mingw64/x86_64-w64-mingw32/bin/ranlib'
RANLIB_PLUGIN_OPTION=''
RAW_CXX_FOR_TARGET='$$r/$(HOST_SUBDIR)/gcc/xgcc -shared-libgcc -B$$r/$(HOST_SUBDIR)/gcc -nostdinc++ -L$$r/$(TARGET_SUBDIR)/libstdc++-v3/src -L$$r/$(TARGET_SUBDIR)/libstdc++-v3/src/.libs -L$$r/$(TARGET_SUBDIR)/libstdc++-v3/libsupc++/.libs'
READELF='readelf'
READELF_FOR_TARGET='/mingw64/x86_64-w64-mingw32/bin/readelf'
RPATH_ENVVAR='PATH'
RUNTEST='runtest'
SED='/usr/bin/sed'
SHELL='/bin/sh'
STRIP='strip'
STRIP_FOR_TARGET='/mingw64/x86_64-w64-mingw32/bin/strip'
SYSROOT_CFLAGS_FOR_TARGET=''
TOPLEVEL_CONFIGURE_ARGUMENTS='../gcc-14.2.0/configure LDFLAGS='\''-L/mingw64/lib/gcc/x86_64-w64-mingw32/14.2.0 -L/mingw64/lib -L/usr/lib -L/mingw64/x86_64-w64-mingw32/lib -L/c/libidn2/gettext-0.22.5/libtextstyle/lib -Wl,-rpath,/mingw64/bin'\'' CPP=/mingw64/bin/cpp --prefix=/mingw64 --enable-languages=c,c++ --enable-threads=posix --sharedstatedir=/desired/path/com'
WINDMC='windmc'
WINDMC_FOR_BUILD='$(WINDMC)'
WINDMC_FOR_TARGET='$(WINDMC)'
WINDRES='windres'
WINDRES_FOR_BUILD='$(WINDRES)'
WINDRES_FOR_TARGET='$(WINDRES)'
YACC='bison -y'
ac_ct_CC='x86_64-w64-mingw32-gcc'
ac_ct_CXX=''
bindir='${exec_prefix}/bin'
build='x86_64-w64-mingw32'
build_alias='x86_64-w64-mingw32'
build_configargs=' --cache-file=./config.cache '\''--prefix=/mingw64'\'' '\''--enable-threads=posix'\'' '\''--sharedstatedir=/desired/path/com'\'' '\''--enable-languages=c,c++,lto'\'' --program-transform-name='\''s,y,y,'\'' --disable-option-checking'
build_configdirs=' libiberty libcpp fixincludes'
build_cpu='x86_64'
build_libsubdir='build-x86_64-w64-mingw32'
build_noncanonical='x86_64-w64-mingw32'
build_os='mingw32'
build_subdir='build-x86_64-w64-mingw32'
build_tooldir='${exec_prefix}/x86_64-w64-mingw32'
build_vendor='w64'
compare_exclusions='gcc/cc*-checksum$(objext) | gcc/ada/*tools/* | gcc/m2/gm2-compiler-boot/M2Version* | gcc/m2/gm2-compiler-boot/SYSTEM* | gcc/m2/gm2version*'
configdirs=' libiberty zlib libbacktrace libcpp libcody libdecnumber fixincludes gcc libcc1 c++tools lto-plugin'
datadir='${datarootdir}'
datarootdir='${prefix}/share'
do_compare='cmp --ignore-initial=16 $$f1 $$f2'
docdir='${datarootdir}/doc/${PACKAGE}'
dvidir='${docdir}'
exec_prefix='${prefix}'
extra_host_libiberty_configure_flags='--enable-shared'
extra_host_zlib_configure_flags=''
extra_isl_gmp_configure_flags=''
extra_linker_plugin_configure_flags=''
extra_linker_plugin_flags=''
extra_mpc_gmp_configure_flags=''
extra_mpc_mpfr_configure_flags=''
extra_mpfr_configure_flags=''
gcc_host_pie=''
get_gcc_base_ver='cat'
gmpinc=''
gmplibs='-lmpc -lmpfr -lgmp'
host='x86_64-w64-mingw32'
host_alias=''
host_configargs=' --cache-file=./config.cache  '\''--prefix=/mingw64'\'' '\''--enable-threads=posix'\'' '\''--sharedstatedir=/desired/path/com'\'' '\''--enable-languages=c,c++,lto'\'' --program-transform-name='\''s,y,y,'\'' --disable-option-checking'
host_cpu='x86_64'
host_libs_picflag=''
host_noncanonical='x86_64-w64-mingw32'
host_os='mingw32'
host_pie='no'
host_shared='no'
host_subdir='.'
host_vendor='w64'
htmldir='${docdir}'
includedir='${prefix}/include'
infodir='${datarootdir}/info'
islinc=''
isllibs=' -lisl'
libdir='${exec_prefix}/lib'
libexecdir='${exec_prefix}/libexec'
localedir='${datarootdir}/locale'
localstatedir='${prefix}/var'
mandir='${datarootdir}/man'
oldincludedir='/usr/include'
pdfdir='${docdir}'
poststage1_ldflags='-static-libstdc++ -static-libgcc'
poststage1_libs=''
prefix='/mingw64'
program_transform_name='s,y,y,'
psdir='${docdir}'
sbindir='${exec_prefix}/sbin'
sharedstatedir='/desired/path/com'
stage1_cflags='-g'
stage1_checking='--enable-checking=yes,types'
stage1_languages='c,c++,lto'
stage1_ldflags='-static-libstdc++ -static-libgcc'
stage1_libs=''
stage2_werror_flag=''
sysconfdir='${prefix}/etc'
target='x86_64-w64-mingw32'
target_alias=''
target_configargs='--cache-file=./config.cache --enable-multilib   '\''--prefix=/mingw64'\'' '\''--enable-threads=posix'\'' '\''--sharedstatedir=/desired/path/com'\'' '\''--enable-languages=c,c++,lto'\'' --program-transform-name='\''s,y,y,'\'' --disable-option-checking --disable-year2038'
target_configdirs=' libgcc libatomic libstdc++-v3 libvtv libssp libquadmath'
target_cpu='x86_64'
target_noncanonical='x86_64-w64-mingw32'
target_os='mingw32'
target_subdir='x86_64-w64-mingw32'
target_vendor='w64'
tooldir='${exec_prefix}/x86_64-w64-mingw32'

## ------------------- ##
## File substitutions. ##
## ------------------- ##

alphaieee_frag='/dev/null'
host_makefile_frag='../gcc-14.2.0/config/mh-mingw'
ospace_frag='/dev/null'
serialization_dependencies='serdep.tmp'
target_makefile_frag='/dev/null'

## ----------- ##
## confdefs.h. ##
## ----------- ##

/* confdefs.h */
#define PACKAGE_NAME ""
#define PACKAGE_TARNAME ""
#define PACKAGE_VERSION ""
#define PACKAGE_STRING ""
#define PACKAGE_BUGREPORT ""
#define PACKAGE_URL ""
#define LT_OBJDIR ".libs/"

configure: exit 0
