This file contains any messages produced by compilers while
running configure, to aid debugging if configure makes a mistake.

It was created by configure, which was
generated by GNU Autoconf 2.69.  Invocation command line was

  $ c:/gcc-14.2.0/libiberty/configure --srcdir=c:/gcc-14.2.0/libiberty --cache-file=./config.cache --with-gmp=/mingw64 --with-mpfr=/mingw64 --with-mpc=/mingw64 --enable-languages=c,c++,fortran,lto,objc --program-transform-name=s,y,y, --disable-option-checking --build=x86_64-w64-mingw32 --host=x86_64-w64-mingw32 --target=x86_64-w64-mingw32 --disable-intermodule --enable-checking=yes,types --disable-coverage --enable-languages=c,c++,lto --disable-build-format-warnings --enable-shared

## --------- ##
## Platform. ##
## --------- ##

hostname = kimnayooung
uname -m = x86_64
uname -r = 3.5.4-0bc1222b.x86_64
uname -s = MINGW64_NT-10.0-22631
uname -v = 2024-09-04 18:28 UTC

/usr/bin/uname -p = unknown
/bin/uname -X     = unknown

/bin/arch              = x86_64
/usr/bin/arch -k       = unknown
/usr/convex/getsysinfo = unknown
/usr/bin/hostinfo      = unknown
/bin/machine           = unknown
/usr/bin/oslevel       = unknown
/bin/universe          = unknown

PATH: /c/Users/nayou/AppData/Local/Programs/Python/Python313
PATH: /c/Users/nayou/AppData/Local/Programs/Python/Python313/Scripts
PATH: /c/msys64/mingw64/bin
PATH: /c/libidn2/gettext-0.22.5/gettext-runtime/src
PATH: /c/msys64/mingw64/x86_64-w64-mingw32/bin
PATH: /c/msys64/mingw64/lib/gcc/x86_64-w64-mingw32/14.2.0/include/c++
PATH: /c/msys64/mingw64/include
PATH: /c/msys64/mingw64/include
PATH: /c/libidn2/gettext-0.22.5/libtextstyle/lib
PATH: /c/msys64/mingw64/bin
PATH: /c/gnulib
PATH: /c/msys64/usr/bin
PATH: /c/msys64/usr/bin
PATH: /c/msys64/usr/share/aclocal
PATH: /c/msys64/mingw64/share/aclocal
PATH: /c/libidn2/autoconf-2.72/bin
PATH: /c/libidn2/libtool-2.4.6
PATH: /c/Program Files/Java/jdk-21/bin
PATH: /c/Windows/System32
PATH: /c/Windows
PATH: /c/Windows/System32/Wbem
PATH: /c/Windows/System32/WindowsPowerShell/v1.0
PATH: /c/msys64/usr/bin/vendor_perl
PATH: /c/msys64/usr/bin/core_perl
PATH: /c/Program Files/Java/jdk-21/bin
PATH: /c/apache-ant-1.10.15/bin
PATH: /c/Users/nayou/vcpkg/downloads/tools/perl/5.38.0.1/c/libexec/gcc/x86_64-w64-mingw32/13.1.0
PATH: /c/Users/nayou/vcpkg/downloads/tools/perl/5.38.0.1/c/bin
PATH: /c/msys64/mingw64/lib/gcc/x86_64-w64-mingw32/14.2.0
PATH: /c/msys64/mingw64/lib
PATH: /c/msys64/mingw64/x86_64-w64-mingw32/lib
PATH: /c/curl/lib
PATH: /c/gnulib/lib
PATH: /c/libidn2/gettext-0.22.5/gettext/gettext-runtime
PATH: /c/libidn2/gettext-0.22.5/gettext
PATH: /c/libidn2/gettext-0.22.5/gettext/gettext-runtime/gnulib-lib
PATH: /c/libidn2/gettext-0.22.5/gettext/gettext-runtime/intl/gnulib-lib
PATH: /c/libidn2/gettext-0.22.5/gettext/gettext-runtime/libasprintf/gnulib-lib
PATH: /c/libidn2/gettext-0.22.5/gettext/libtextstyle/lib
PATH: /c/libidn2/gettext-0.22.5/gettext-runtime/gnulib-lib
PATH: /c/libidn2/gettext-0.22.5/gettext-runtime/intl/gnulib-lib
PATH: /c/libidn2/gettext-0.22.5/gettext-runtime/libasprintf/gnulib-lib
PATH: /c/libidn2/gettext-0.22.5/libtextstyle/lib
PATH: /c/msys64/mingw64-backup-11.2.0/bin
PATH: /c/Program Files (x86)/Microsoft Visual Studio/2019/Community/VC/Tools/MSVC/14.29.30133/bin/Hostx64/x64
PATH: /c/libidn2/gettext-0.22.5/libtextstyle/lib
PATH: /c/gnulib/lib
PATH: /c/gnulib


## ----------- ##
## Core tests. ##
## ----------- ##

configure:2369: loading site script /usr/local/etc/config.site
| # This file is in public domain.
| # Original author: Karlson2k (Evgeny Grin)
| # Written for MSys2 to help running 'configure' scripts
| 
| # Use correct config.site file even if CONFIG_SITE is not set
| if test -r /etc/config.site; then
|   . /etc/config.site
| fi
config.site:20: default prefix set to C:/msys64/mingw64
configure:2384: loading cache ./config.cache
configure:2424: error: `CFLAGS' has changed since the previous run:
configure:2432:   former value:  `-I/c/libidn2/gettext-0.22.5/libtextstyle/lib  '
configure:2434:   current value: `'
configure:2410: error: `LDFLAGS' was set to `-static-libstdc++ -static-libgcc -LC:/msys64/usr/lib' in the previous run
configure:2451: error: in `/c/gcc-build/libiberty':
configure:2453: error: changes in the environment can compromise the build
configure:2455: error: run `make distclean' and/or `rm ./config.cache' and start over

## ---------------- ##
## Cache variables. ##
## ---------------- ##

ac_cv_build=x86_64-w64-mingw32
ac_cv_c_bigendian=no
ac_cv_c_compiler_gnu=yes
ac_cv_c_const=yes
ac_cv_c_inline=inline
ac_cv_c_stack_direction=1
ac_cv_env_CC_set=set
ac_cv_env_CC_value=x86_64-w64-mingw32-gcc
ac_cv_env_CFLAGS_set=set
ac_cv_env_CFLAGS_value='-I/c/libidn2/gettext-0.22.5/libtextstyle/lib  '
ac_cv_env_CPPFLAGS_set=set
ac_cv_env_CPPFLAGS_value=' -I/c/msys64/mingw64/lib/gcc/x86_64-w64-mingw32/14.2.0/include/c++ -I/c/msys64/mingw64/include -I/mingw64/include -I/usr/share/gettext -I/mingw64/include/glib-2.0 -O2'
ac_cv_env_CPP_set=set
ac_cv_env_CPP_value=C:/msys64/mingw64/bin/cpp
ac_cv_env_LDFLAGS_set=set
ac_cv_env_LDFLAGS_value='-static-libstdc++ -static-libgcc -LC:/msys64/usr/lib'
ac_cv_env_LIBS_set=
ac_cv_env_LIBS_value=
ac_cv_env_build_alias_set=set
ac_cv_env_build_alias_value=x86_64-w64-mingw32
ac_cv_env_host_alias_set=set
ac_cv_env_host_alias_value=x86_64-w64-mingw32
ac_cv_env_target_alias_set=set
ac_cv_env_target_alias_value=x86_64-w64-mingw32
ac_cv_exeext=.exe
ac_cv_func___fsetlocking=no
ac_cv_func__doprnt=no
ac_cv_func_asprintf=yes
ac_cv_func_atexit=yes
ac_cv_func_basename=yes
ac_cv_func_bcmp=no
ac_cv_func_bcopy=no
ac_cv_func_bsearch=yes
ac_cv_func_bzero=no
ac_cv_func_calloc=yes
ac_cv_func_canonicalize_file_name=no
ac_cv_func_clock=yes
ac_cv_func_dup3=no
ac_cv_func_ffs=no
ac_cv_func_fork=no
ac_cv_func_fork_works=no
ac_cv_func_getcwd=yes
ac_cv_func_getpagesize=yes
ac_cv_func_getrlimit=no
ac_cv_func_getrusage=no
ac_cv_func_getsysinfo=no
ac_cv_func_gettimeofday=yes
ac_cv_func_index=no
ac_cv_func_insque=no
ac_cv_func_memchr=yes
ac_cv_func_memcmp=yes
ac_cv_func_memcpy=yes
ac_cv_func_memmem=no
ac_cv_func_memmove=yes
ac_cv_func_mempcpy=yes
ac_cv_func_memset=yes
ac_cv_func_mkstemps=no
ac_cv_func_mmap_fixed_mapped=no
ac_cv_func_on_exit=no
ac_cv_func_pipe2=no
ac_cv_func_posix_spawn=no
ac_cv_func_posix_spawnp=no
ac_cv_func_psignal=no
ac_cv_func_pstat_getdynamic=no
ac_cv_func_pstat_getstatic=no
ac_cv_func_putenv=yes
ac_cv_func_random=no
ac_cv_func_realpath=no
ac_cv_func_rename=yes
ac_cv_func_rindex=no
ac_cv_func_sbrk=no
ac_cv_func_setenv=no
ac_cv_func_setproctitle=no
ac_cv_func_setrlimit=no
ac_cv_func_sigsetmask=no
ac_cv_func_snprintf=yes
ac_cv_func_spawnve=yes
ac_cv_func_spawnvpe=yes
ac_cv_func_stpcpy=no
ac_cv_func_stpncpy=no
ac_cv_func_strcasecmp=yes
ac_cv_func_strchr=yes
ac_cv_func_strdup=yes
ac_cv_func_strerror=yes
ac_cv_func_strncasecmp=yes
ac_cv_func_strncmp_works=yes
ac_cv_func_strndup=no
ac_cv_func_strnlen=yes
ac_cv_func_strrchr=yes
ac_cv_func_strsignal=no
ac_cv_func_strstr=yes
ac_cv_func_strtod=yes
ac_cv_func_strtol=yes
ac_cv_func_strtoll=yes
ac_cv_func_strtoul=yes
ac_cv_func_strtoull=yes
ac_cv_func_strverscmp=no
ac_cv_func_sysconf=no
ac_cv_func_sysctl=no
ac_cv_func_sysmp=no
ac_cv_func_table=no
ac_cv_func_times=no
ac_cv_func_tmpnam=yes
ac_cv_func_vasprintf=yes
ac_cv_func_vfork=no
ac_cv_func_vfork_works=no
ac_cv_func_vfprintf=yes
ac_cv_func_vprintf=yes
ac_cv_func_vsnprintf=yes
ac_cv_func_vsprintf=yes
ac_cv_func_wait3=no
ac_cv_func_wait4=no
ac_cv_func_waitpid=no
ac_cv_have_decl_asprintf=yes
ac_cv_have_decl_basename_char_p_=no
ac_cv_have_decl_calloc=yes
ac_cv_have_decl_ffs=no
ac_cv_have_decl_getenv=yes
ac_cv_have_decl_getopt=yes
ac_cv_have_decl_malloc=yes
ac_cv_have_decl_realloc=yes
ac_cv_have_decl_sbrk=no
ac_cv_have_decl_snprintf=yes
ac_cv_have_decl_strnlen=yes
ac_cv_have_decl_strtol=yes
ac_cv_have_decl_strtoll=yes
ac_cv_have_decl_strtoul=yes
ac_cv_have_decl_strtoull=yes
ac_cv_have_decl_strverscmp=no
ac_cv_have_decl_vasprintf=yes
ac_cv_have_decl_vsnprintf=yes
ac_cv_header_alloca_h=yes
ac_cv_header_fcntl_h=yes
ac_cv_header_inttypes_h=yes
ac_cv_header_limits_h=yes
ac_cv_header_machine_hal_sysinfo_h=no
ac_cv_header_malloc_h=yes
ac_cv_header_memory_h=yes
ac_cv_header_minix_config_h=no
ac_cv_header_process_h=yes
ac_cv_header_spawn_h=no
ac_cv_header_stdc=yes
ac_cv_header_stdint_h=yes
ac_cv_header_stdio_ext_h=no
ac_cv_header_stdlib_h=yes
ac_cv_header_string_h=yes
ac_cv_header_strings_h=yes
ac_cv_header_sys_file_h=yes
ac_cv_header_sys_mman_h=no
ac_cv_header_sys_param_h=yes
ac_cv_header_sys_prctl_h=no
ac_cv_header_sys_pstat_h=no
ac_cv_header_sys_resource_h=no
ac_cv_header_sys_stat_h=yes
ac_cv_header_sys_sysctl_h=no
ac_cv_header_sys_sysinfo_h=no
ac_cv_header_sys_sysmp_h=no
ac_cv_header_sys_systemcfg_h=no
ac_cv_header_sys_table_h=no
ac_cv_header_sys_time_h=yes
ac_cv_header_sys_types_h=yes
ac_cv_header_sys_wait_h=no
ac_cv_header_time=yes
ac_cv_header_time_h=yes
ac_cv_header_unistd_h=yes
ac_cv_header_vfork_h=no
ac_cv_host=x86_64-w64-mingw32
ac_cv_objext=o
ac_cv_os_cray=no
ac_cv_path_EGREP='C:/msys64/usr/bin/grep -E'
ac_cv_path_GREP=C:/msys64/usr/bin/grep
ac_cv_prog_AR='/mingw64/x86_64-w64-mingw32/bin/ar.exe '
ac_cv_prog_CC=x86_64-w64-mingw32-gcc
ac_cv_prog_CPP=C:/msys64/mingw64/bin/cpp
ac_cv_prog_MAKEINFO=makeinfo
ac_cv_prog_PERL=perl
ac_cv_prog_RANLIB='ranlib '
ac_cv_prog_cc_c89=
ac_cv_prog_cc_g=yes
ac_cv_prog_cc_x86_64_w64_mingw32_gcc_c_o=yes
ac_cv_safe_to_define___extensions__=yes
ac_cv_search_strerror='none required'
ac_cv_sizeof_int=4
ac_cv_sizeof_long=4
ac_cv_sizeof_long_long=8
ac_cv_sizeof_size_t=8
ac_cv_sys_file_offset_bits=64
ac_cv_sys_largefile_CC=no
ac_cv_target=x86_64-w64-mingw32
ac_cv_type_intptr_t=yes
ac_cv_type_long_long=yes
ac_cv_type_pid_t=yes
ac_cv_type_ssize_t=yes
ac_cv_type_uintptr_t=yes
acx_cv_prog_cc_pedantic_=yes
acx_cv_prog_cc_warning__W=yes
acx_cv_prog_cc_warning__Wall=yes
acx_cv_prog_cc_warning__Wcpp_compat=yes
acx_cv_prog_cc_warning__Wshadow_local=yes
acx_cv_prog_cc_warning__Wstrict_prototypes=yes
acx_cv_prog_cc_warning__Wwrite_strings=yes
liberty_cv_uint64=uint64_t
libiberty_cv_decl_needed_canonicalize_file_name=yes
libiberty_cv_declare_errno=no
libiberty_cv_var_sys_errlist=yes
libiberty_cv_var_sys_nerr=yes
libiberty_cv_var_sys_siglist=no

## ----------------- ##
## Output variables. ##
## ----------------- ##

AR='/mingw64/x86_64-w64-mingw32/bin/ar.exe'
AR_PLUGIN_OPTION=''
BUILD_INFO=''
CC='x86_64-w64-mingw32-gcc'
CET_HOST_FLAGS=''
CFLAGS=''
CHECK=''
CPP='C:/msys64/mingw64/bin/cpp'
CPPFLAGS=' -I/c/msys64/mingw64/lib/gcc/x86_64-w64-mingw32/14.2.0/include/c++ -I/c/msys64/mingw64/include -I/mingw64/include -I/usr/share/gettext -I/mingw64/include/glib-2.0 -O2'
DEFS=''
ECHO_C=''
ECHO_N='-n'
ECHO_T=''
EGREP='C:/msys64/usr/bin/egrep'
ETAGS=''
EXEEXT=''
GREP='C:/msys64/usr/bin/grep'
HAVE_PERL=''
HWCAP_CFLAGS=''
INSTALL_DATA='C:/msys64/usr/bin/install'
INSTALL_DEST=''
INSTALL_PROGRAM='C:/msys64/usr/bin/install'
INSTALL_SCRIPT='C:/msys64/usr/bin/install'
LDFLAGS=''
LIBOBJS=''
LIBS=''
LTLIBOBJS=''
MAINT=''
MAKEINFO='makeinfo'
NOASANFLAG=''
NOTMAINT=''
NO_MINUS_C_MINUS_O=''
OBJEXT=''
OUTPUT_OPTION=''
PACKAGE_BUGREPORT=''
PACKAGE_NAME=''
PACKAGE_STRING=''
PACKAGE_TARNAME=''
PACKAGE_URL=''
PACKAGE_VERSION=''
PATH_SEPARATOR=':'
PERL=''
PICFLAG=''
RANLIB=''
RANLIB_PLUGIN_OPTION=''
SHELL='/bin/sh'
ac_ct_CC=''
ac_libiberty_warn_cflags=''
bindir='${exec_prefix}/bin'
build='x86_64-w64-mingw32'
build_alias='x86_64-w64-mingw32'
build_cpu=''
build_os=''
build_vendor=''
datadir='${datarootdir}'
datarootdir='${prefix}/share'
docdir='${datarootdir}/doc/${PACKAGE}'
dvidir='${docdir}'
exec_prefix='NONE'
host='x86_64-w64-mingw32'
host_alias='x86_64-w64-mingw32'
host_cpu=''
host_os=''
host_vendor=''
htmldir='${docdir}'
includedir='${prefix}/include'
infodir='${datarootdir}/info'
libdir='${exec_prefix}/lib'
libexecdir='${exec_prefix}/libexec'
libiberty_topdir=''
localedir='${datarootdir}/locale'
localstatedir='${prefix}/var'
mandir='${datarootdir}/man'
oldincludedir='/usr/include'
pdfdir='${docdir}'
pexecute=''
prefix='C:/msys64/mingw64'
program_transform_name='s,y,y,'
psdir='${docdir}'
sbindir='${exec_prefix}/sbin'
sharedstatedir='${prefix}/com'
sysconfdir='${prefix}/etc'
target='x86_64-w64-mingw32'
target_alias='x86_64-w64-mingw32'
target_cpu=''
target_header_dir=''
target_os=''
target_vendor=''

## ------------------- ##
## File substitutions. ##
## ------------------- ##

host_makefile_frag=''

## ----------- ##
## confdefs.h. ##
## ----------- ##

/* confdefs.h */
#define PACKAGE_NAME ""
#define PACKAGE_TARNAME ""
#define PACKAGE_VERSION ""
#define PACKAGE_STRING ""
#define PACKAGE_BUGREPORT ""
#define PACKAGE_URL ""

configure: exit 1
