This file contains any messages produced by compilers while
running configure, to aid debugging if configure makes a mistake.

It was created by LTO plugin for ld configure 0.1, which was
generated by GNU Autoconf 2.69.  Invocation command line was

  $ C:/gcc-14.2.0/lto-plugin/configure --srcdir=c:/gcc-14.2.0/lto-plugin --cache-file=./config.cache --prefix=/mingw64 --enable-bootstrap --enable-languages=c,c++,fortran,lto,objc --program-transform-name=s,y,y, --disable-option-checking --build=x86_64-w64-mingw32 --host=x86_64-w64-mingw32 --target=x86_64-w64-mingw32 --disable-intermodule --enable-checking=yes,types --disable-coverage --enable-languages=c,c++,lto --disable-build-format-warnings --enable-shared

## --------- ##
## Platform. ##
## --------- ##

hostname = kimnayooung
uname -m = x86_64
uname -r = 3.5.4-0bc1222b.x86_64
uname -s = MINGW64_NT-10.0-22631
uname -v = 2024-09-04 18:28 UTC

/usr/bin/uname -p = unknown
/bin/uname -X     = unknown

/bin/arch              = x86_64
/usr/bin/arch -k       = unknown
/usr/convex/getsysinfo = unknown
/usr/bin/hostinfo      = unknown
/bin/machine           = unknown
/usr/bin/oslevel       = unknown
/bin/universe          = unknown

PATH: /c/Users/nayou/AppData/Local/Programs/Python/Python313
PATH: /c/Users/nayou/AppData/Local/Programs/Python/Python313/Scripts
PATH: /c/msys64/mingw64/bin
PATH: /c/libidn2/gettext-0.22.5/gettext-runtime/src
PATH: /c/msys64/mingw64/x86_64-w64-mingw32/bin
PATH: /c/msys64/mingw64/lib/gcc/x86_64-w64-mingw32/14.2.0/include/c++
PATH: /c/msys64/mingw64/include
PATH: /c/msys64/mingw64/include
PATH: /c/libidn2/gettext-0.22.5/libtextstyle/lib
PATH: /c/msys64/mingw64/bin
PATH: /c/gnulib
PATH: /c/msys64/usr/bin
PATH: /c/msys64/usr/bin
PATH: /c/msys64/usr/share/aclocal
PATH: /c/msys64/mingw64/share/aclocal
PATH: /c/libidn2/autoconf-2.72/bin
PATH: /c/libidn2/libtool-2.4.6
PATH: /c/Program Files/Java/jdk-21/bin
PATH: /c/Windows/System32
PATH: /c/Windows
PATH: /c/Windows/System32/Wbem
PATH: /c/Windows/System32/WindowsPowerShell/v1.0
PATH: /c/msys64/usr/bin/vendor_perl
PATH: /c/msys64/usr/bin/core_perl
PATH: /c/Program Files/Java/jdk-21/bin
PATH: /c/apache-ant-1.10.15/bin
PATH: /c/Users/nayou/vcpkg/downloads/tools/perl/5.38.0.1/c/libexec/gcc/x86_64-w64-mingw32/13.1.0
PATH: /c/Users/nayou/vcpkg/downloads/tools/perl/5.38.0.1/c/bin
PATH: /c/msys64/mingw64/lib/gcc/x86_64-w64-mingw32/14.2.0
PATH: /c/msys64/mingw64/lib
PATH: /c/msys64/mingw64/x86_64-w64-mingw32/lib
PATH: /c/curl/lib
PATH: /c/gnulib/lib
PATH: /c/libidn2/gettext-0.22.5/gettext/gettext-runtime
PATH: /c/libidn2/gettext-0.22.5/gettext
PATH: /c/libidn2/gettext-0.22.5/gettext/gettext-runtime/gnulib-lib
PATH: /c/libidn2/gettext-0.22.5/gettext/gettext-runtime/intl/gnulib-lib
PATH: /c/libidn2/gettext-0.22.5/gettext/gettext-runtime/libasprintf/gnulib-lib
PATH: /c/libidn2/gettext-0.22.5/gettext/libtextstyle/lib
PATH: /c/libidn2/gettext-0.22.5/gettext-runtime/gnulib-lib
PATH: /c/libidn2/gettext-0.22.5/gettext-runtime/intl/gnulib-lib
PATH: /c/libidn2/gettext-0.22.5/gettext-runtime/libasprintf/gnulib-lib
PATH: /c/libidn2/gettext-0.22.5/libtextstyle/lib
PATH: /c/msys64/mingw64-backup-11.2.0/bin
PATH: /c/Program Files (x86)/Microsoft Visual Studio/2019/Community/VC/Tools/MSVC/14.29.30133/bin/Hostx64/x64
PATH: /c/libidn2/gettext-0.22.5/libtextstyle/lib
PATH: /c/gnulib/lib
PATH: /c/gnulib


## ----------- ##
## Core tests. ##
## ----------- ##

configure:2279: loading site script C:/msys64/etc/config.site
| # This file is in public domain.
| # Original author: Karlson2k (Evgeny Grin)
| # Written for MSys2 to help running 'configure' scripts
| 
| # Defaults for MSys2/MinGW64-targeted programs
| 
| # Set proper selfname on bash and fallback to default name on other shells
| test -n "${BASH_SOURCE}" 2>/dev/null && config_site_me="${BASH_SOURCE[0]##*/}" || config_site_me=config.site
| 
| # Set default 'host' to speedup configure
| if test -z "$build_alias"; then
|   build_alias="${MSYSTEM_CHOST}"  && \
|     ${as_echo-echo} "$config_site_me:${as_lineno-$LINENO}: default build_alias set to $build_alias" >&5
| fi
| 
| # Set default 'prefix'
| if ( test -z "$prefix" || test "x$prefix" = "xNONE" ) && \
|     ( test -z "$exec_prefix" || test "x$exec_prefix" = "xNONE" ); then
|   prefix="${MSYSTEM_PREFIX}" && \
|     ${as_echo-echo} "$config_site_me:${as_lineno-$LINENO}: default prefix set to $prefix" >&5
| fi
configure:2294: loading cache ./config.cache
configure:2331: error: `CFLAGS' has changed since the previous run:
configure:2339:   former value:  `-I/c/libidn2/gettext-0.22.5/libtextstyle/lib  '
configure:2341:   current value: `-IC:/libidn2/gettext-0.22.5/libtextstyle/lib      '
configure:2331: error: `LDFLAGS' has changed since the previous run:
configure:2339:   former value:  `-static-libstdc++ -static-libgcc -LC:/msys64/usr/lib'
configure:2341:   current value: `-LC:/libidn2/gettext-0.22.5/libtextstyle/lib'
configure:2358: error: in `/c/gcc-build/lto-plugin':
configure:2360: error: changes in the environment can compromise the build
configure:2362: error: run `make distclean' and/or `rm ./config.cache' and start over

## ---------------- ##
## Cache variables. ##
## ---------------- ##

ac_cv_build=x86_64-w64-mingw32
ac_cv_c_compiler_gnu=yes
ac_cv_c_int64_t=yes
ac_cv_c_uint64_t=yes
ac_cv_env_CC_set=set
ac_cv_env_CC_value=x86_64-w64-mingw32-gcc
ac_cv_env_CFLAGS_set=set
ac_cv_env_CFLAGS_value='-I/c/libidn2/gettext-0.22.5/libtextstyle/lib  '
ac_cv_env_CPPFLAGS_set=set
ac_cv_env_CPPFLAGS_value=' -I/c/msys64/mingw64/lib/gcc/x86_64-w64-mingw32/14.2.0/include/c++ -I/c/msys64/mingw64/include -I/mingw64/include -I/usr/share/gettext -I/mingw64/include/glib-2.0 -O2'
ac_cv_env_CPP_set=set
ac_cv_env_CPP_value=C:/msys64/mingw64/bin/cpp
ac_cv_env_LDFLAGS_set=set
ac_cv_env_LDFLAGS_value='-static-libstdc++ -static-libgcc -LC:/msys64/usr/lib'
ac_cv_env_LIBS_set=
ac_cv_env_LIBS_value=
ac_cv_env_build_alias_set=set
ac_cv_env_build_alias_value=x86_64-w64-mingw32
ac_cv_env_host_alias_set=set
ac_cv_env_host_alias_value=x86_64-w64-mingw32
ac_cv_env_target_alias_set=set
ac_cv_env_target_alias_value=x86_64-w64-mingw32
ac_cv_exeext=.exe
ac_cv_header_dlfcn_h=no
ac_cv_header_inttypes_h=yes
ac_cv_header_memory_h=yes
ac_cv_header_minix_config_h=no
ac_cv_header_stdc=yes
ac_cv_header_stdint_h=yes
ac_cv_header_stdlib_h=yes
ac_cv_header_string_h=yes
ac_cv_header_strings_h=yes
ac_cv_header_sys_stat_h=yes
ac_cv_header_sys_types_h=yes
ac_cv_header_sys_wait_h=no
ac_cv_header_unistd_h=yes
ac_cv_host=x86_64-w64-mingw32
ac_cv_objext=o
ac_cv_path_EGREP='C:/msys64/usr/bin/grep -E'
ac_cv_path_FGREP='C:/msys64/usr/bin/grep -F'
ac_cv_path_GREP=C:/msys64/usr/bin/grep
ac_cv_path_SED=C:/msys64/usr/bin/sed
ac_cv_path_mkdir=/c/msys64/usr/bin/mkdir
ac_cv_prog_AR='/mingw64/x86_64-w64-mingw32/bin/ar.exe '
ac_cv_prog_AWK=gawk
ac_cv_prog_CC=x86_64-w64-mingw32-gcc
ac_cv_prog_CPP=C:/msys64/mingw64/bin/cpp
ac_cv_prog_OBJDUMP=objdump
ac_cv_prog_RANLIB='ranlib '
ac_cv_prog_STRIP=x86_64-w64-mingw32-strip
ac_cv_prog_cc_c89=
ac_cv_prog_cc_g=yes
ac_cv_prog_make_make_set=yes
ac_cv_safe_to_define___extensions__=yes
ac_cv_sys_file_offset_bits=64
ac_cv_sys_largefile_CC=no
ac_cv_target=x86_64-w64-mingw32
acx_cv_prog_cc_warning__Wall=yes
am_cv_CC_dependencies_compiler_type=gcc3
am_cv_make_support_nested_variables=yes
am_cv_prog_cc_c_o=yes
lt_cv_archive_cmds_need_lc=yes
lt_cv_deplibs_check_method='file_magic ^x86 archive import|^x86 DLL'
lt_cv_file_magic_cmd=func_win32_libid
lt_cv_file_magic_test_file=
lt_cv_ld_reload_flag=-r
lt_cv_nm_interface='BSD nm'
lt_cv_objdir=.libs
lt_cv_path_LD=/mingw64/x86_64-w64-mingw32/bin/ld.exe
lt_cv_path_NM=/c/msys64/mingw64/bin/nm
lt_cv_prog_compiler_c_o=yes
lt_cv_prog_compiler_pic_works=yes
lt_cv_prog_compiler_rtti_exceptions=no
lt_cv_prog_compiler_static_works=yes
lt_cv_prog_gnu_ld=yes
lt_cv_sys_global_symbol_pipe='sed -n -e '\''s/^.*[	 ]\([ABCDGIRSTW][ABCDGIRSTW]*\)[	 ][	 ]*\([_A-Za-z][_A-Za-z0-9]*\)\{0,1\}$/\1 \2 \2/p'\'''
lt_cv_sys_global_symbol_to_c_name_address='sed -n -e '\''s/^: \([^ ]*\) $/  {\"\1\", (void *) 0},/p'\'' -e '\''s/^[ABCDGIRSTW]* \([^ ]*\) \([^ ]*\)$/  {"\2", (void *) \&\2},/p'\'''
lt_cv_sys_global_symbol_to_c_name_address_lib_prefix='sed -n -e '\''s/^: \([^ ]*\) $/  {\"\1\", (void *) 0},/p'\'' -e '\''s/^[ABCDGIRSTW]* \([^ ]*\) \(lib[^ ]*\)$/  {"\2", (void *) \&\2},/p'\'' -e '\''s/^[ABCDGIRSTW]* \([^ ]*\) \([^ ]*\)$/  {"lib\2", (void *) \&\2},/p'\'''
lt_cv_sys_global_symbol_to_cdecl='sed -n -e '\''s/^T .* \(.*\)$/extern int \1();/p'\'' -e '\''s/^[ABCDGIRSTW]* .* \(.*\)$/extern char \1;/p'\'''
lt_cv_sys_max_cmd_len=8192

## ----------------- ##
## Output variables. ##
## ----------------- ##

ACLOCAL=''
AMDEPBACKSLASH=''
AMDEP_FALSE=''
AMDEP_TRUE=''
AMTAR=''
AM_BACKSLASH=''
AM_DEFAULT_V=''
AM_DEFAULT_VERBOSITY=''
AM_V=''
AR='/mingw64/x86_64-w64-mingw32/bin/ar.exe '
AUTOCONF=''
AUTOHEADER=''
AUTOMAKE=''
AWK='gawk'
CC='x86_64-w64-mingw32-gcc'
CCDEPMODE=''
CET_HOST_FLAGS=''
CFLAGS='-IC:/libidn2/gettext-0.22.5/libtextstyle/lib      '
CPP='C:/msys64/mingw64/bin/cpp'
CPPFLAGS=' -I/c/msys64/mingw64/lib/gcc/x86_64-w64-mingw32/14.2.0/include/c++ -I/c/msys64/mingw64/include -I/mingw64/include -I/usr/share/gettext -I/mingw64/include/glib-2.0 -O2'
CYGPATH_W=''
DEFS=''
DEPDIR=''
DSYMUTIL=''
DUMPBIN=''
ECHO_C=''
ECHO_N='-n'
ECHO_T=''
EGREP='C:/msys64/usr/bin/egrep'
ENABLE_DARWIN_AT_RPATH_FALSE=''
ENABLE_DARWIN_AT_RPATH_TRUE=''
EXEEXT=''
FGREP='C:/msys64/usr/bin/fgrep'
GREP='C:/msys64/usr/bin/grep'
INSTALL_DATA='C:/msys64/usr/bin/install'
INSTALL_PROGRAM='C:/msys64/usr/bin/install'
INSTALL_SCRIPT='C:/msys64/usr/bin/install'
INSTALL_STRIP_PROGRAM=''
LD='/mingw64/x86_64-w64-mingw32/bin/ld.exe'
LDFLAGS='-LC:/libidn2/gettext-0.22.5/libtextstyle/lib'
LIBOBJS=''
LIBS=''
LIBTOOL=''
LIPO=''
LN_S=''
LTLIBOBJS=''
LTO_PLUGIN_USE_SYMVER_FALSE=''
LTO_PLUGIN_USE_SYMVER_GNU_FALSE=''
LTO_PLUGIN_USE_SYMVER_GNU_TRUE=''
LTO_PLUGIN_USE_SYMVER_SUN_FALSE=''
LTO_PLUGIN_USE_SYMVER_SUN_TRUE=''
LTO_PLUGIN_USE_SYMVER_TRUE=''
MAINT=''
MAINTAINER_MODE_FALSE=''
MAINTAINER_MODE_TRUE=''
MAKEINFO='makeinfo'
MKDIR_P=''
NM=''
NMEDIT=''
OBJDUMP=''
OBJEXT=''
OTOOL64=''
OTOOL=''
PACKAGE=''
PACKAGE_BUGREPORT=''
PACKAGE_NAME='LTO plugin for ld'
PACKAGE_STRING='LTO plugin for ld 0.1'
PACKAGE_TARNAME='lto-plugin'
PACKAGE_URL=''
PACKAGE_VERSION='0.1'
PATH_SEPARATOR=':'
RANLIB=''
SED='C:/msys64/usr/bin/sed'
SET_MAKE=''
SHELL='/bin/sh'
STRIP=''
VERSION=''
ac_ct_CC=''
ac_ct_DUMPBIN=''
ac_lto_plugin_extra_ldflags=''
ac_lto_plugin_ldflags=''
ac_lto_plugin_warn_cflags=''
accel_dir_suffix=''
am__EXEEXT_FALSE=''
am__EXEEXT_TRUE=''
am__fastdepCC_FALSE=''
am__fastdepCC_TRUE=''
am__include=''
am__isrc=''
am__leading_dot=''
am__nodep=''
am__quote=''
am__tar=''
am__untar=''
bindir='${exec_prefix}/bin'
build='x86_64-w64-mingw32'
build_alias='x86_64-w64-mingw32'
build_cpu=''
build_libsubdir=''
build_os=''
build_subdir=''
build_vendor=''
datadir='${datarootdir}'
datarootdir='${prefix}/share'
docdir='${datarootdir}/doc/${PACKAGE_TARNAME}'
dvidir='${docdir}'
enable_host_bind_now=''
exec_prefix='NONE'
gcc_build_dir=''
get_gcc_base_ver=''
host='x86_64-w64-mingw32'
host_alias='x86_64-w64-mingw32'
host_cpu=''
host_os=''
host_subdir=''
host_vendor=''
htmldir='${docdir}'
includedir='${prefix}/include'
infodir='${datarootdir}/info'
install_sh=''
libdir='${exec_prefix}/lib'
libexecdir='${exec_prefix}/libexec'
localedir='${datarootdir}/locale'
localstatedir='${prefix}/var'
lt_host_flags=''
mandir='${datarootdir}/man'
mkdir_p=''
oldincludedir='/usr/include'
pdfdir='${docdir}'
prefix='/mingw64'
program_transform_name='s,y,y,'
psdir='${docdir}'
real_target_noncanonical=''
sbindir='${exec_prefix}/sbin'
sharedstatedir='${prefix}/com'
sysconfdir='${prefix}/etc'
target='x86_64-w64-mingw32'
target_alias='x86_64-w64-mingw32'
target_cpu=''
target_noncanonical=''
target_os=''
target_subdir=''
target_vendor=''
with_libiberty=''

## ----------- ##
## confdefs.h. ##
## ----------- ##

/* confdefs.h */
#define PACKAGE_NAME "LTO plugin for ld"
#define PACKAGE_TARNAME "lto-plugin"
#define PACKAGE_VERSION "0.1"
#define PACKAGE_STRING "LTO plugin for ld 0.1"
#define PACKAGE_BUGREPORT ""
#define PACKAGE_URL ""

configure: exit 1
